app/build/intermediates/manifest_merge_blame_file/debug/manifest-merger-blame-debug-report.txt
1<?xml version="1.0" encoding="utf-8"?>
2<manifest xmlns:android="http://schemas.android.com/apk/res/android"
3    package="com.example.smartexpensetracker"
4    android:versionCode="1"
5    android:versionName="1.0" >
6
7    <uses-sdk
8        android:minSdkVersion="24"
9        android:targetSdkVersion="34" />
10
11    <uses-permission android:name="android.permission.INTERNET" />
11-->src\main\AndroidManifest.xml:5:5-67
11-->src\main\AndroidManifest.xml:5:22-64
12    <uses-permission android:name="android.permission.ACCESS_NETWORK_STATE" />
12-->src\main\AndroidManifest.xml:6:5-79
12-->src\main\AndroidManifest.xml:6:22-76
13    <uses-permission android:name="android.permission.POST_NOTIFICATIONS" />
13-->src\main\AndroidManifest.xml:7:5-76
13-->src\main\AndroidManifest.xml:7:22-74
14    <uses-permission android:name="android.permission.WAKE_LOCK" /> <!-- Required by older versions of Google Play services to create IID tokens -->
14-->[com.google.firebase:firebase-messaging:23.4.0] AndroidManifest.xml:24:5-68
14-->[com.google.firebase:firebase-messaging:23.4.0] AndroidManifest.xml:24:22-65
15    <uses-permission android:name="com.google.android.c2dm.permission.RECEIVE" />
15-->[com.google.firebase:firebase-messaging:23.4.0] AndroidManifest.xml:26:5-82
15-->[com.google.firebase:firebase-messaging:23.4.0] AndroidManifest.xml:26:22-79
16
17    <permission
17-->[androidx.core:core:1.12.0] AndroidManifest.xml:22:5-24:47
18        android:name="com.example.smartexpensetracker.DYNAMIC_RECEIVER_NOT_EXPORTED_PERMISSION"
18-->[androidx.core:core:1.12.0] AndroidManifest.xml:23:9-81
19        android:protectionLevel="signature" />
19-->[androidx.core:core:1.12.0] AndroidManifest.xml:24:9-44
20
21    <uses-permission android:name="com.example.smartexpensetracker.DYNAMIC_RECEIVER_NOT_EXPORTED_PERMISSION" />
21-->[androidx.core:core:1.12.0] AndroidManifest.xml:26:5-97
21-->[androidx.core:core:1.12.0] AndroidManifest.xml:26:22-94
22
23    <application
23-->src\main\AndroidManifest.xml:9:5-54:19
24        android:name="com.example.smartexpensetracker.SmartExpenseTrackerApp"
24-->src\main\AndroidManifest.xml:10:9-47
25        android:allowBackup="true"
25-->src\main\AndroidManifest.xml:11:9-35
26        android:appComponentFactory="androidx.core.app.CoreComponentFactory"
26-->[androidx.core:core:1.12.0] AndroidManifest.xml:28:18-86
27        android:dataExtractionRules="@xml/data_extraction_rules"
27-->src\main\AndroidManifest.xml:12:9-65
28        android:debuggable="true"
29        android:extractNativeLibs="false"
30        android:fullBackupContent="@xml/backup_rules"
30-->src\main\AndroidManifest.xml:13:9-54
31        android:icon="@mipmap/ic_launcher"
31-->src\main\AndroidManifest.xml:14:9-43
32        android:label="@string/app_name"
32-->src\main\AndroidManifest.xml:15:9-41
33        android:roundIcon="@mipmap/ic_launcher_round"
33-->src\main\AndroidManifest.xml:16:9-54
34        android:supportsRtl="true"
34-->src\main\AndroidManifest.xml:17:9-35
35        android:testOnly="true"
36        android:theme="@style/Theme.SmartExpenseTracker" >
36-->src\main\AndroidManifest.xml:18:9-57
37        <activity
37-->src\main\AndroidManifest.xml:21:9-28:20
38            android:name="com.example.smartexpensetracker.ui.auth.LoginActivity"
38-->src\main\AndroidManifest.xml:22:13-50
39            android:exported="true" >
39-->src\main\AndroidManifest.xml:23:13-36
40            <intent-filter>
40-->src\main\AndroidManifest.xml:24:13-27:29
41                <action android:name="android.intent.action.MAIN" />
41-->src\main\AndroidManifest.xml:25:17-69
41-->src\main\AndroidManifest.xml:25:25-66
42
43                <category android:name="android.intent.category.LAUNCHER" />
43-->src\main\AndroidManifest.xml:26:17-77
43-->src\main\AndroidManifest.xml:26:27-74
44            </intent-filter>
45        </activity>
46        <activity android:name="com.example.smartexpensetracker.ui.auth.RegisterActivity" />
46-->src\main\AndroidManifest.xml:30:9-62
46-->src\main\AndroidManifest.xml:30:19-59
47        <activity android:name="com.example.smartexpensetracker.ui.dashboard.DashboardActivity" />
47-->src\main\AndroidManifest.xml:31:9-68
47-->src\main\AndroidManifest.xml:31:19-65
48        <activity android:name="com.example.smartexpensetracker.ui.expenses.AddTransactionActivity" />
48-->src\main\AndroidManifest.xml:32:9-72
48-->src\main\AndroidManifest.xml:32:19-69
49        <activity android:name="com.example.smartexpensetracker.ui.history.HistoryActivity" />
49-->src\main\AndroidManifest.xml:33:9-64
49-->src\main\AndroidManifest.xml:33:19-61
50        <activity android:name="com.example.smartexpensetracker.ui.budget.BudgetActivity" />
50-->src\main\AndroidManifest.xml:34:9-62
50-->src\main\AndroidManifest.xml:34:19-59
51
52        <!-- Firebase Messaging Service -->
53        <service
53-->src\main\AndroidManifest.xml:37:9-43:19
54            android:name="com.example.smartexpensetracker.utils.MyFirebaseMessagingService"
54-->src\main\AndroidManifest.xml:38:13-61
55            android:exported="false" >
55-->src\main\AndroidManifest.xml:39:13-37
56            <intent-filter>
56-->src\main\AndroidManifest.xml:40:13-42:29
57                <action android:name="com.google.firebase.MESSAGING_EVENT" />
57-->src\main\AndroidManifest.xml:41:17-78
57-->src\main\AndroidManifest.xml:41:25-75
58            </intent-filter>
59        </service>
60
61        <!-- Set custom default icon for notifications. -->
62        <meta-data
62-->src\main\AndroidManifest.xml:46:9-48:60
63            android:name="com.google.firebase.messaging.default_notification_icon"
63-->src\main\AndroidManifest.xml:47:13-83
64            android:resource="@drawable/ic_notification" />
64-->src\main\AndroidManifest.xml:48:13-57
65        <!-- Set custom default color for notifications. -->
66        <meta-data
66-->src\main\AndroidManifest.xml:50:9-52:52
67            android:name="com.google.firebase.messaging.default_notification_color"
67-->src\main\AndroidManifest.xml:51:13-84
68            android:resource="@color/purple_500" />
68-->src\main\AndroidManifest.xml:52:13-49
69
70        <activity
70-->[androidx.compose.ui:ui-tooling-android:1.5.0] AndroidManifest.xml:23:9-25:39
71            android:name="androidx.compose.ui.tooling.PreviewActivity"
71-->[androidx.compose.ui:ui-tooling-android:1.5.0] AndroidManifest.xml:24:13-71
72            android:exported="true" />
72-->[androidx.compose.ui:ui-tooling-android:1.5.0] AndroidManifest.xml:25:13-36
73        <activity
73-->[androidx.compose.ui:ui-test-manifest:1.5.0] AndroidManifest.xml:23:9-25:39
74            android:name="androidx.activity.ComponentActivity"
74-->[androidx.compose.ui:ui-test-manifest:1.5.0] AndroidManifest.xml:24:13-63
75            android:exported="true" />
75-->[androidx.compose.ui:ui-test-manifest:1.5.0] AndroidManifest.xml:25:13-36
76
77        <service
77-->[com.google.firebase:firebase-auth-ktx:22.3.0] AndroidManifest.xml:8:9-14:19
78            android:name="com.google.firebase.components.ComponentDiscoveryService"
78-->[com.google.firebase:firebase-auth-ktx:22.3.0] AndroidManifest.xml:9:13-84
79            android:directBootAware="true"
79-->[com.google.firebase:firebase-common:20.4.2] AndroidManifest.xml:32:13-43
80            android:exported="false" >
80-->[com.google.firebase:firebase-auth-ktx:22.3.0] AndroidManifest.xml:10:13-37
81            <meta-data
81-->[com.google.firebase:firebase-auth-ktx:22.3.0] AndroidManifest.xml:11:13-13:85
82                android:name="com.google.firebase.components:com.google.firebase.auth.ktx.FirebaseAuthLegacyRegistrar"
82-->[com.google.firebase:firebase-auth-ktx:22.3.0] AndroidManifest.xml:12:17-119
83                android:value="com.google.firebase.components.ComponentRegistrar" />
83-->[com.google.firebase:firebase-auth-ktx:22.3.0] AndroidManifest.xml:13:17-82
84            <meta-data
84-->[com.google.firebase:firebase-auth:22.3.0] AndroidManifest.xml:69:13-71:85
85                android:name="com.google.firebase.components:com.google.firebase.auth.FirebaseAuthRegistrar"
85-->[com.google.firebase:firebase-auth:22.3.0] AndroidManifest.xml:70:17-109
86                android:value="com.google.firebase.components.ComponentRegistrar" />
86-->[com.google.firebase:firebase-auth:22.3.0] AndroidManifest.xml:71:17-82
87            <meta-data
87-->[com.google.firebase:firebase-firestore-ktx:24.10.0] AndroidManifest.xml:12:13-14:85
88                android:name="com.google.firebase.components:com.google.firebase.firestore.ktx.FirebaseFirestoreLegacyRegistrar"
88-->[com.google.firebase:firebase-firestore-ktx:24.10.0] AndroidManifest.xml:13:17-129
89                android:value="com.google.firebase.components.ComponentRegistrar" />
89-->[com.google.firebase:firebase-firestore-ktx:24.10.0] AndroidManifest.xml:14:17-82
90            <meta-data
90-->[com.google.firebase:firebase-messaging-ktx:23.4.0] AndroidManifest.xml:26:13-28:85
91                android:name="com.google.firebase.components:com.google.firebase.messaging.ktx.FirebaseMessagingLegacyRegistrar"
91-->[com.google.firebase:firebase-messaging-ktx:23.4.0] AndroidManifest.xml:27:17-129
92                android:value="com.google.firebase.components.ComponentRegistrar" />
92-->[com.google.firebase:firebase-messaging-ktx:23.4.0] AndroidManifest.xml:28:17-82
93            <meta-data
93-->[com.google.firebase:firebase-firestore:24.10.0] AndroidManifest.xml:17:13-19:85
94                android:name="com.google.firebase.components:com.google.firebase.firestore.FirebaseFirestoreKtxRegistrar"
94-->[com.google.firebase:firebase-firestore:24.10.0] AndroidManifest.xml:18:17-122
95                android:value="com.google.firebase.components.ComponentRegistrar" />
95-->[com.google.firebase:firebase-firestore:24.10.0] AndroidManifest.xml:19:17-82
96            <meta-data
96-->[com.google.firebase:firebase-firestore:24.10.0] AndroidManifest.xml:20:13-22:85
97                android:name="com.google.firebase.components:com.google.firebase.firestore.FirestoreRegistrar"
97-->[com.google.firebase:firebase-firestore:24.10.0] AndroidManifest.xml:21:17-111
98                android:value="com.google.firebase.components.ComponentRegistrar" />
98-->[com.google.firebase:firebase-firestore:24.10.0] AndroidManifest.xml:22:17-82
99            <meta-data
99-->[com.google.firebase:firebase-messaging:23.4.0] AndroidManifest.xml:57:13-59:85
100                android:name="com.google.firebase.components:com.google.firebase.messaging.FirebaseMessagingKtxRegistrar"
100-->[com.google.firebase:firebase-messaging:23.4.0] AndroidManifest.xml:58:17-122
101                android:value="com.google.firebase.components.ComponentRegistrar" />
101-->[com.google.firebase:firebase-messaging:23.4.0] AndroidManifest.xml:59:17-82
102            <meta-data
102-->[com.google.firebase:firebase-messaging:23.4.0] AndroidManifest.xml:60:13-62:85
103                android:name="com.google.firebase.components:com.google.firebase.messaging.FirebaseMessagingRegistrar"
103-->[com.google.firebase:firebase-messaging:23.4.0] AndroidManifest.xml:61:17-119
104                android:value="com.google.firebase.components.ComponentRegistrar" />
104-->[com.google.firebase:firebase-messaging:23.4.0] AndroidManifest.xml:62:17-82
105            <meta-data
105-->[com.google.firebase:firebase-installations:17.2.0] AndroidManifest.xml:15:13-17:85
106                android:name="com.google.firebase.components:com.google.firebase.installations.FirebaseInstallationsKtxRegistrar"
106-->[com.google.firebase:firebase-installations:17.2.0] AndroidManifest.xml:16:17-130
107                android:value="com.google.firebase.components.ComponentRegistrar" />
107-->[com.google.firebase:firebase-installations:17.2.0] AndroidManifest.xml:17:17-82
108            <meta-data
108-->[com.google.firebase:firebase-installations:17.2.0] AndroidManifest.xml:18:13-20:85
109                android:name="com.google.firebase.components:com.google.firebase.installations.FirebaseInstallationsRegistrar"
109-->[com.google.firebase:firebase-installations:17.2.0] AndroidManifest.xml:19:17-127
110                android:value="com.google.firebase.components.ComponentRegistrar" />
110-->[com.google.firebase:firebase-installations:17.2.0] AndroidManifest.xml:20:17-82
111            <meta-data
111-->[com.google.firebase:firebase-common-ktx:20.4.2] AndroidManifest.xml:12:13-14:85
112                android:name="com.google.firebase.components:com.google.firebase.ktx.FirebaseCommonLegacyRegistrar"
112-->[com.google.firebase:firebase-common-ktx:20.4.2] AndroidManifest.xml:13:17-116
113                android:value="com.google.firebase.components.ComponentRegistrar" />
113-->[com.google.firebase:firebase-common-ktx:20.4.2] AndroidManifest.xml:14:17-82
114            <meta-data
114-->[com.google.firebase:firebase-common:20.4.2] AndroidManifest.xml:35:13-37:85
115                android:name="com.google.firebase.components:com.google.firebase.FirebaseCommonKtxRegistrar"
115-->[com.google.firebase:firebase-common:20.4.2] AndroidManifest.xml:36:17-109
116                android:value="com.google.firebase.components.ComponentRegistrar" />
116-->[com.google.firebase:firebase-common:20.4.2] AndroidManifest.xml:37:17-82
117            <meta-data
117-->[com.google.firebase:firebase-datatransport:18.1.7] AndroidManifest.xml:27:13-29:85
118                android:name="com.google.firebase.components:com.google.firebase.datatransport.TransportRegistrar"
118-->[com.google.firebase:firebase-datatransport:18.1.7] AndroidManifest.xml:28:17-115
119                android:value="com.google.firebase.components.ComponentRegistrar" />
119-->[com.google.firebase:firebase-datatransport:18.1.7] AndroidManifest.xml:29:17-82
120        </service>
121
122        <activity
122-->[com.google.firebase:firebase-auth:22.3.0] AndroidManifest.xml:29:9-46:20
123            android:name="com.google.firebase.auth.internal.GenericIdpActivity"
123-->[com.google.firebase:firebase-auth:22.3.0] AndroidManifest.xml:30:13-80
124            android:excludeFromRecents="true"
124-->[com.google.firebase:firebase-auth:22.3.0] AndroidManifest.xml:31:13-46
125            android:exported="true"
125-->[com.google.firebase:firebase-auth:22.3.0] AndroidManifest.xml:32:13-36
126            android:launchMode="singleTask"
126-->[com.google.firebase:firebase-auth:22.3.0] AndroidManifest.xml:33:13-44
127            android:theme="@android:style/Theme.Translucent.NoTitleBar" >
127-->[com.google.firebase:firebase-auth:22.3.0] AndroidManifest.xml:34:13-72
128            <intent-filter>
128-->[com.google.firebase:firebase-auth:22.3.0] AndroidManifest.xml:35:13-45:29
129                <action android:name="android.intent.action.VIEW" />
129-->[com.google.firebase:firebase-auth:22.3.0] AndroidManifest.xml:36:17-69
129-->[com.google.firebase:firebase-auth:22.3.0] AndroidManifest.xml:36:25-66
130
131                <category android:name="android.intent.category.DEFAULT" />
131-->[com.google.firebase:firebase-auth:22.3.0] AndroidManifest.xml:38:17-76
131-->[com.google.firebase:firebase-auth:22.3.0] AndroidManifest.xml:38:27-73
132                <category android:name="android.intent.category.BROWSABLE" />
132-->[com.google.firebase:firebase-auth:22.3.0] AndroidManifest.xml:39:17-78
132-->[com.google.firebase:firebase-auth:22.3.0] AndroidManifest.xml:39:27-75
133
134                <data
134-->[com.google.firebase:firebase-auth:22.3.0] AndroidManifest.xml:41:17-44:51
135                    android:host="firebase.auth"
135-->[com.google.firebase:firebase-auth:22.3.0] AndroidManifest.xml:42:21-49
136                    android:path="/"
136-->[com.google.firebase:firebase-auth:22.3.0] AndroidManifest.xml:43:21-37
137                    android:scheme="genericidp" />
137-->[com.google.firebase:firebase-auth:22.3.0] AndroidManifest.xml:44:21-48
138            </intent-filter>
139        </activity>
140        <activity
140-->[com.google.firebase:firebase-auth:22.3.0] AndroidManifest.xml:47:9-64:20
141            android:name="com.google.firebase.auth.internal.RecaptchaActivity"
141-->[com.google.firebase:firebase-auth:22.3.0] AndroidManifest.xml:48:13-79
142            android:excludeFromRecents="true"
142-->[com.google.firebase:firebase-auth:22.3.0] AndroidManifest.xml:49:13-46
143            android:exported="true"
143-->[com.google.firebase:firebase-auth:22.3.0] AndroidManifest.xml:50:13-36
144            android:launchMode="singleTask"
144-->[com.google.firebase:firebase-auth:22.3.0] AndroidManifest.xml:51:13-44
145            android:theme="@android:style/Theme.Translucent.NoTitleBar" >
145-->[com.google.firebase:firebase-auth:22.3.0] AndroidManifest.xml:52:13-72
146            <intent-filter>
146-->[com.google.firebase:firebase-auth:22.3.0] AndroidManifest.xml:53:13-63:29
147                <action android:name="android.intent.action.VIEW" />
147-->[com.google.firebase:firebase-auth:22.3.0] AndroidManifest.xml:36:17-69
147-->[com.google.firebase:firebase-auth:22.3.0] AndroidManifest.xml:36:25-66
148
149                <category android:name="android.intent.category.DEFAULT" />
149-->[com.google.firebase:firebase-auth:22.3.0] AndroidManifest.xml:38:17-76
149-->[com.google.firebase:firebase-auth:22.3.0] AndroidManifest.xml:38:27-73
150                <category android:name="android.intent.category.BROWSABLE" />
150-->[com.google.firebase:firebase-auth:22.3.0] AndroidManifest.xml:39:17-78
150-->[com.google.firebase:firebase-auth:22.3.0] AndroidManifest.xml:39:27-75
151
152                <data
152-->[com.google.firebase:firebase-auth:22.3.0] AndroidManifest.xml:41:17-44:51
153                    android:host="firebase.auth"
153-->[com.google.firebase:firebase-auth:22.3.0] AndroidManifest.xml:42:21-49
154                    android:path="/"
154-->[com.google.firebase:firebase-auth:22.3.0] AndroidManifest.xml:43:21-37
155                    android:scheme="recaptcha" />
155-->[com.google.firebase:firebase-auth:22.3.0] AndroidManifest.xml:44:21-48
156            </intent-filter>
157        </activity>
158
159        <receiver
159-->[com.google.firebase:firebase-messaging:23.4.0] AndroidManifest.xml:29:9-40:20
160            android:name="com.google.firebase.iid.FirebaseInstanceIdReceiver"
160-->[com.google.firebase:firebase-messaging:23.4.0] AndroidManifest.xml:30:13-78
161            android:exported="true"
161-->[com.google.firebase:firebase-messaging:23.4.0] AndroidManifest.xml:31:13-36
162            android:permission="com.google.android.c2dm.permission.SEND" >
162-->[com.google.firebase:firebase-messaging:23.4.0] AndroidManifest.xml:32:13-73
163            <intent-filter>
163-->[com.google.firebase:firebase-messaging:23.4.0] AndroidManifest.xml:33:13-35:29
164                <action android:name="com.google.android.c2dm.intent.RECEIVE" />
164-->[com.google.firebase:firebase-messaging:23.4.0] AndroidManifest.xml:34:17-81
164-->[com.google.firebase:firebase-messaging:23.4.0] AndroidManifest.xml:34:25-78
165            </intent-filter>
166
167            <meta-data
167-->[com.google.firebase:firebase-messaging:23.4.0] AndroidManifest.xml:37:13-39:40
168                android:name="com.google.android.gms.cloudmessaging.FINISHED_AFTER_HANDLED"
168-->[com.google.firebase:firebase-messaging:23.4.0] AndroidManifest.xml:38:17-92
169                android:value="true" />
169-->[com.google.firebase:firebase-messaging:23.4.0] AndroidManifest.xml:39:17-37
170        </receiver>
171        <!--
172             FirebaseMessagingService performs security checks at runtime,
173             but set to not exported to explicitly avoid allowing another app to call it.
174        -->
175        <service
175-->[com.google.firebase:firebase-messaging:23.4.0] AndroidManifest.xml:46:9-53:19
176            android:name="com.google.firebase.messaging.FirebaseMessagingService"
176-->[com.google.firebase:firebase-messaging:23.4.0] AndroidManifest.xml:47:13-82
177            android:directBootAware="true"
177-->[com.google.firebase:firebase-messaging:23.4.0] AndroidManifest.xml:48:13-43
178            android:exported="false" >
178-->[com.google.firebase:firebase-messaging:23.4.0] AndroidManifest.xml:49:13-37
179            <intent-filter android:priority="-500" >
179-->src\main\AndroidManifest.xml:40:13-42:29
180                <action android:name="com.google.firebase.MESSAGING_EVENT" />
180-->src\main\AndroidManifest.xml:41:17-78
180-->src\main\AndroidManifest.xml:41:25-75
181            </intent-filter>
182        </service>
183
184        <provider
184-->[com.google.firebase:firebase-common:20.4.2] AndroidManifest.xml:23:9-28:39
185            android:name="com.google.firebase.provider.FirebaseInitProvider"
185-->[com.google.firebase:firebase-common:20.4.2] AndroidManifest.xml:24:13-77
186            android:authorities="com.example.smartexpensetracker.firebaseinitprovider"
186-->[com.google.firebase:firebase-common:20.4.2] AndroidManifest.xml:25:13-72
187            android:directBootAware="true"
187-->[com.google.firebase:firebase-common:20.4.2] AndroidManifest.xml:26:13-43
188            android:exported="false"
188-->[com.google.firebase:firebase-common:20.4.2] AndroidManifest.xml:27:13-37
189            android:initOrder="100" />
189-->[com.google.firebase:firebase-common:20.4.2] AndroidManifest.xml:28:13-36
190
191        <activity
191-->[com.google.android.gms:play-services-base:18.0.1] AndroidManifest.xml:20:9-22:45
192            android:name="com.google.android.gms.common.api.GoogleApiActivity"
192-->[com.google.android.gms:play-services-base:18.0.1] AndroidManifest.xml:20:19-85
193            android:exported="false"
193-->[com.google.android.gms:play-services-base:18.0.1] AndroidManifest.xml:22:19-43
194            android:theme="@android:style/Theme.Translucent.NoTitleBar" />
194-->[com.google.android.gms:play-services-base:18.0.1] AndroidManifest.xml:21:19-78
195
196        <meta-data
196-->[com.google.android.gms:play-services-basement:18.1.0] AndroidManifest.xml:21:9-23:69
197            android:name="com.google.android.gms.version"
197-->[com.google.android.gms:play-services-basement:18.1.0] AndroidManifest.xml:22:13-58
198            android:value="@integer/google_play_services_version" />
198-->[com.google.android.gms:play-services-basement:18.1.0] AndroidManifest.xml:23:13-66
199
200        <provider
200-->[androidx.emoji2:emoji2:1.4.0] AndroidManifest.xml:24:9-32:20
201            android:name="androidx.startup.InitializationProvider"
201-->[androidx.emoji2:emoji2:1.4.0] AndroidManifest.xml:25:13-67
202            android:authorities="com.example.smartexpensetracker.androidx-startup"
202-->[androidx.emoji2:emoji2:1.4.0] AndroidManifest.xml:26:13-68
203            android:exported="false" >
203-->[androidx.emoji2:emoji2:1.4.0] AndroidManifest.xml:27:13-37
204            <meta-data
204-->[androidx.emoji2:emoji2:1.4.0] AndroidManifest.xml:29:13-31:52
205                android:name="androidx.emoji2.text.EmojiCompatInitializer"
205-->[androidx.emoji2:emoji2:1.4.0] AndroidManifest.xml:30:17-75
206                android:value="androidx.startup" />
206-->[androidx.emoji2:emoji2:1.4.0] AndroidManifest.xml:31:17-49
207            <meta-data
207-->[androidx.lifecycle:lifecycle-process:2.6.2] AndroidManifest.xml:29:13-31:52
208                android:name="androidx.lifecycle.ProcessLifecycleInitializer"
208-->[androidx.lifecycle:lifecycle-process:2.6.2] AndroidManifest.xml:30:17-78
209                android:value="androidx.startup" />
209-->[androidx.lifecycle:lifecycle-process:2.6.2] AndroidManifest.xml:31:17-49
210            <meta-data
210-->[androidx.profileinstaller:profileinstaller:1.3.0] AndroidManifest.xml:29:13-31:52
211                android:name="androidx.profileinstaller.ProfileInstallerInitializer"
211-->[androidx.profileinstaller:profileinstaller:1.3.0] AndroidManifest.xml:30:17-85
212                android:value="androidx.startup" />
212-->[androidx.profileinstaller:profileinstaller:1.3.0] AndroidManifest.xml:31:17-49
213        </provider>
214
215        <uses-library
215-->[androidx.window:window:1.0.0] AndroidManifest.xml:25:9-27:40
216            android:name="androidx.window.extensions"
216-->[androidx.window:window:1.0.0] AndroidManifest.xml:26:13-54
217            android:required="false" />
217-->[androidx.window:window:1.0.0] AndroidManifest.xml:27:13-37
218        <uses-library
218-->[androidx.window:window:1.0.0] AndroidManifest.xml:28:9-30:40
219            android:name="androidx.window.sidecar"
219-->[androidx.window:window:1.0.0] AndroidManifest.xml:29:13-51
220            android:required="false" />
220-->[androidx.window:window:1.0.0] AndroidManifest.xml:30:13-37
221
222        <service
222-->[androidx.room:room-runtime:2.6.1] AndroidManifest.xml:24:9-28:63
223            android:name="androidx.room.MultiInstanceInvalidationService"
223-->[androidx.room:room-runtime:2.6.1] AndroidManifest.xml:25:13-74
224            android:directBootAware="true"
224-->[androidx.room:room-runtime:2.6.1] AndroidManifest.xml:26:13-43
225            android:exported="false" />
225-->[androidx.room:room-runtime:2.6.1] AndroidManifest.xml:27:13-37
226        <service
226-->[com.google.android.datatransport:transport-backend-cct:3.1.8] AndroidManifest.xml:28:9-34:19
227            android:name="com.google.android.datatransport.runtime.backends.TransportBackendDiscovery"
227-->[com.google.android.datatransport:transport-backend-cct:3.1.8] AndroidManifest.xml:29:13-103
228            android:exported="false" >
228-->[com.google.android.datatransport:transport-backend-cct:3.1.8] AndroidManifest.xml:30:13-37
229            <meta-data
229-->[com.google.android.datatransport:transport-backend-cct:3.1.8] AndroidManifest.xml:31:13-33:39
230                android:name="backend:com.google.android.datatransport.cct.CctBackendFactory"
230-->[com.google.android.datatransport:transport-backend-cct:3.1.8] AndroidManifest.xml:32:17-94
231                android:value="cct" />
231-->[com.google.android.datatransport:transport-backend-cct:3.1.8] AndroidManifest.xml:33:17-36
232        </service>
233        <service
233-->[com.google.android.datatransport:transport-runtime:3.1.8] AndroidManifest.xml:26:9-30:19
234            android:name="com.google.android.datatransport.runtime.scheduling.jobscheduling.JobInfoSchedulerService"
234-->[com.google.android.datatransport:transport-runtime:3.1.8] AndroidManifest.xml:27:13-117
235            android:exported="false"
235-->[com.google.android.datatransport:transport-runtime:3.1.8] AndroidManifest.xml:28:13-37
236            android:permission="android.permission.BIND_JOB_SERVICE" >
236-->[com.google.android.datatransport:transport-runtime:3.1.8] AndroidManifest.xml:29:13-69
237        </service>
238
239        <receiver
239-->[com.google.android.datatransport:transport-runtime:3.1.8] AndroidManifest.xml:32:9-34:40
240            android:name="com.google.android.datatransport.runtime.scheduling.jobscheduling.AlarmManagerSchedulerBroadcastReceiver"
240-->[com.google.android.datatransport:transport-runtime:3.1.8] AndroidManifest.xml:33:13-132
241            android:exported="false" />
241-->[com.google.android.datatransport:transport-runtime:3.1.8] AndroidManifest.xml:34:13-37
242        <receiver
242-->[androidx.profileinstaller:profileinstaller:1.3.0] AndroidManifest.xml:34:9-52:20
243            android:name="androidx.profileinstaller.ProfileInstallReceiver"
243-->[androidx.profileinstaller:profileinstaller:1.3.0] AndroidManifest.xml:35:13-76
244            android:directBootAware="false"
244-->[androidx.profileinstaller:profileinstaller:1.3.0] AndroidManifest.xml:36:13-44
245            android:enabled="true"
245-->[androidx.profileinstaller:profileinstaller:1.3.0] AndroidManifest.xml:37:13-35
246            android:exported="true"
246-->[androidx.profileinstaller:profileinstaller:1.3.0] AndroidManifest.xml:38:13-36
247            android:permission="android.permission.DUMP" >
247-->[androidx.profileinstaller:profileinstaller:1.3.0] AndroidManifest.xml:39:13-57
248            <intent-filter>
248-->[androidx.profileinstaller:profileinstaller:1.3.0] AndroidManifest.xml:40:13-42:29
249                <action android:name="androidx.profileinstaller.action.INSTALL_PROFILE" />
249-->[androidx.profileinstaller:profileinstaller:1.3.0] AndroidManifest.xml:41:17-91
249-->[androidx.profileinstaller:profileinstaller:1.3.0] AndroidManifest.xml:41:25-88
250            </intent-filter>
251            <intent-filter>
251-->[androidx.profileinstaller:profileinstaller:1.3.0] AndroidManifest.xml:43:13-45:29
252                <action android:name="androidx.profileinstaller.action.SKIP_FILE" />
252-->[androidx.profileinstaller:profileinstaller:1.3.0] AndroidManifest.xml:44:17-85
252-->[androidx.profileinstaller:profileinstaller:1.3.0] AndroidManifest.xml:44:25-82
253            </intent-filter>
254            <intent-filter>
254-->[androidx.profileinstaller:profileinstaller:1.3.0] AndroidManifest.xml:46:13-48:29
255                <action android:name="androidx.profileinstaller.action.SAVE_PROFILE" />
255-->[androidx.profileinstaller:profileinstaller:1.3.0] AndroidManifest.xml:47:17-88
255-->[androidx.profileinstaller:profileinstaller:1.3.0] AndroidManifest.xml:47:25-85
256            </intent-filter>
257            <intent-filter>
257-->[androidx.profileinstaller:profileinstaller:1.3.0] AndroidManifest.xml:49:13-51:29
258                <action android:name="androidx.profileinstaller.action.BENCHMARK_OPERATION" />
258-->[androidx.profileinstaller:profileinstaller:1.3.0] AndroidManifest.xml:50:17-95
258-->[androidx.profileinstaller:profileinstaller:1.3.0] AndroidManifest.xml:50:25-92
259            </intent-filter>
260        </receiver>
261    </application>
262
263</manifest>